#
# A fatal error has been detected by the Java Runtime Environment:
#
#  SIGSEGV (0xb) at pc=0x0000000000000000, pid=46906, tid=1299
#
# JRE version: Java(TM) SE Runtime Environment (8.0_45-b14) (build 1.8.0_45-b14)
# Java VM: Java HotSpot(TM) 64-Bit Server VM (25.45-b02 mixed mode bsd-amd64 compressed oops)
# Problematic frame:
# C  0x0000000000000000
#
# Failed to write core dump. Core dumps have been disabled. To enable core dumping, try "ulimit -c unlimited" before starting Java again
#
# If you would like to submit a bug report, please visit:
#   http://bugreport.java.com/bugreport/crash.jsp
# The crash happened outside the Java Virtual Machine in native code.
# See problematic frame for where to report the bug.
#

---------------  T H R E A D  ---------------

Current thread (0x0000000100cd7000):  JavaThread "main" [_thread_in_native, id=1299, stack(0x00007fff5f400000,0x00007fff5fc00000)]

siginfo: si_signo: 11 (SIGSEGV), si_code: 1 (SEGV_MAPERR), si_addr: 0x0000000000000000

Registers:
RAX=0x00007fff74ecab08, RBX=0x0000000000000701, RCX=0x0000000000000002, RDX=0x00007fff5fbfef68
RSP=0x00007fff5fbfef88, RBP=0x00007fff5fbfeff0, RSI=0x00007fff886140b4, RDI=0x00000001066a5e10
R8 =0x000000000000000f, R9 =0x00000001066a5e10, R10=0x0000000100545480, R11=0x00007fff74c3e4c8
R12=0x00000001066a5e10, R13=0xfffffffef995a1f0, R14=0x0000000000000001, R15=0x00007fff74ecc580
RIP=0x0000000000000000, EFLAGS=0x0000000000010246, ERR=0x0000000000000014
  TRAPNO=0x000000000000000e

Top of Stack: (sp=0x00007fff5fbfef88)
0x00007fff5fbfef88:   00007fff8add189c 00007fff8adbb5b4
0x00007fff5fbfef98:   00007fff74ecc590 0000000100000000
0x00007fff5fbfefa8:   00007fff893fbadb fffffffef995a1f0
0x00007fff5fbfefb8:   000000010a1309a0 000000010a1309d0
0x00007fff5fbfefc8:   0000000100802010 a3a3a3a3a3a3a3a3
0x00007fff5fbfefd8:   00007fff75442070 0000000100802178
0x00007fff5fbfefe8:   0000000100802000 00007fff5fbff440
0x00007fff5fbfeff8:   00007fff8adb7e8f 00007fff74eca8e8
0x00007fff5fbff008:   0000000100802178 00007fff74eca8e4
0x00007fff5fbff018:   00007fff74eca8e8 00007fff74eca8e0
0x00007fff5fbff028:   0000000000000000 00007fff88aa543b
0x00007fff5fbff038:   00007fff74c3cec0 000000010023ea00
0x00007fff5fbff048:   000000000000000d 000000010023b000
0x00007fff5fbff058:   000000010cf2aa6d 0000000000000000
0x00007fff5fbff068:   00007fff5fbff460 0000000000000000
0x00007fff5fbff078:   00007fff893fbadb 0000000106692450
0x00007fff5fbff088:   00007fff8498a483 00007fff5fbff104
0x00007fff5fbff098:   0000000000272001 00000000ffffffff
0x00007fff5fbff0a8:   00007fff74eca8c8 0000000000272000
0x00007fff5fbff0b8:   00007fff00000000 00007fff74eca8e0
0x00007fff5fbff0c8:   00007fff74eca8e4 00007fff74eca8e8
0x00007fff5fbff0d8:   00007fff893fbadb 00007fff74eca8e4
0x00007fff5fbff0e8:   00007fff74eca8e8 00007fff74eca8e0
0x00007fff5fbff0f8:   00007fff74affd10 00007fff88aa543b
0x00007fff5fbff108:   00007fff74c382d0 0000000000000000
0x00007fff5fbff118:   00007fff893fbadb 00007fff5fbff170
0x00007fff5fbff128:   00007fff8adc792f 00000001066d2d40
0x00007fff5fbff138:   0000000103b24d88 000000000023ea00
0x00007fff5fbff148:   00007fff5fbff310 00000001066d2d40
0x00007fff5fbff158:   0000000100429490 0000000100429490
0x00007fff5fbff168:   00007fff8adb10c0 00007fff5fbff240
0x00007fff5fbff178:   00007fff8adb11ac 00000001006e4ec0 

Instructions: (pc=0x0000000000000000)
0xffffffffffffffe0:   

Register to memory mapping:

RAX=0x00007fff74ecab08: SEL_dealloc+0 in /usr/lib/libobjc.A.dylib at 0x00007fff8adb0000
RBX=0x0000000000000701 is an unknown value
RCX=0x0000000000000002 is an unknown value
RDX=0x00007fff5fbfef68 is pointing into the stack for thread: 0x0000000100cd7000
RSP=0x00007fff5fbfef88 is pointing into the stack for thread: 0x0000000100cd7000
RBP=0x00007fff5fbfeff0 is pointing into the stack for thread: 0x0000000100cd7000
RSI=0x00007fff886140b4 is an unknown value
RDI=0x00000001066a5e10 is an unknown value
R8 =0x000000000000000f is an unknown value
R9 =0x00000001066a5e10 is an unknown value
R10=0x0000000100545480 is an unknown value
R11=0x00007fff74c3e4c8: OBJC_CLASS_$___NSWindowData+0 in /System/Library/Frameworks/AppKit.framework/Versions/C/AppKit at 0x00007fff88a1f000
R12=0x00000001066a5e10 is an unknown value
R13=0xfffffffef995a1f0 is an unknown value
R14=0x0000000000000001 is an unknown value
R15=0x00007fff74ecc580: _ZN12_GLOBAL__N_19SideTable9table_bufE+0x700 in /usr/lib/libobjc.A.dylib at 0x00007fff8adb0000


Stack: [0x00007fff5f400000,0x00007fff5fc00000],  sp=0x00007fff5fbfef88,  free space=8187k

---------------  P R O C E S S  ---------------

Java Threads: ( => current thread )
  0x0000000100cdb800 JavaThread "Thread-0" [_thread_blocked, id=27139, stack(0x000000013aeda000,0x000000013afda000)]
  0x00000001022c1000 JavaThread "Service Thread" daemon [_thread_blocked, id=26115, stack(0x000000013acd4000,0x000000013add4000)]
  0x000000010227d800 JavaThread "C1 CompilerThread2" daemon [_thread_blocked, id=25603, stack(0x000000013abd1000,0x000000013acd1000)]
  0x0000000100840000 JavaThread "C2 CompilerThread1" daemon [_thread_blocked, id=25091, stack(0x000000013aace000,0x000000013abce000)]
  0x0000000100d26000 JavaThread "C2 CompilerThread0" daemon [_thread_blocked, id=24579, stack(0x000000013a9cb000,0x000000013aacb000)]
  0x0000000100842800 JavaThread "Signal Dispatcher" daemon [_thread_blocked, id=23307, stack(0x000000013a8c8000,0x000000013a9c8000)]
  0x000000010226b800 JavaThread "Finalizer" daemon [_thread_blocked, id=22275, stack(0x000000013a742000,0x000000013a842000)]
  0x000000010226b000 JavaThread "Reference Handler" daemon [_thread_blocked, id=21763, stack(0x000000013a63f000,0x000000013a73f000)]
=>0x0000000100cd7000 JavaThread "main" [_thread_in_native, id=1299, stack(0x00007fff5f400000,0x00007fff5fc00000)]

Other Threads:
  0x000000010226a800 VMThread [stack: 0x000000013a53c000,0x000000013a63c000] [id=12855]
  0x0000000100d2a000 WatcherThread [stack: 0x000000013add7000,0x000000013aed7000] [id=26627]

VM state:not at safepoint (normal execution)

VM Mutex/Monitor currently owned by a thread: None

Heap:
 PSYoungGen      total 18944K, used 1646K [0x00000007aab00000, 0x00000007ac000000, 0x00000007c0000000)
  eden space 16384K, 10% used [0x00000007aab00000,0x00000007aac9bb60,0x00000007abb00000)
  from space 2560K, 0% used [0x00000007abd80000,0x00000007abd80000,0x00000007ac000000)
  to   space 2560K, 0% used [0x00000007abb00000,0x00000007abb00000,0x00000007abd80000)
 ParOldGen       total 44032K, used 0K [0x0000000780000000, 0x0000000782b00000, 0x00000007aab00000)
  object space 44032K, 0% used [0x0000000780000000,0x0000000780000000,0x0000000782b00000)
 Metaspace       used 3059K, capacity 4604K, committed 4864K, reserved 1056768K
  class space    used 333K, capacity 420K, committed 512K, reserved 1048576K

Card table byte_map: [0x000000010cb69000,0x000000010cd6a000] byte_map_base: 0x0000000108f69000

Marking Bits: (ParMarkBitMap*) 0x0000000116b807a0
 Begin Bits: [0x000000011cf8b000, 0x000000011df8b000)
 End Bits:   [0x000000011df8b000, 0x000000011ef8b000)

Polling page: 0x00000001072f2000

CodeCache: size=245760Kb used=1183Kb max_used=1183Kb free=244576Kb
 bounds [0x000000012b23b000, 0x000000012b4ab000, 0x000000013a23b000]
 total_blobs=311 nmethods=66 adapters=159
 compilation: enabled

Compilation events (10 events):
Event: 9.593 Thread 0x000000010227d800   61       1       java.lang.reflect.Method::getName (5 bytes)
Event: 9.593 Thread 0x000000010227d800 nmethod 61 0x000000012b361ad0 code [0x000000012b361c20, 0x000000012b361d30]
Event: 9.593 Thread 0x000000010227d800   62       1       java.lang.reflect.Method::getReturnType (5 bytes)
Event: 9.593 Thread 0x000000010227d800 nmethod 62 0x000000012b361d90 code [0x000000012b361ee0, 0x000000012b361ff0]
Event: 9.594 Thread 0x000000010227d800   63       3       java.lang.reflect.Modifier::isPublic (12 bytes)
Event: 9.594 Thread 0x000000010227d800 nmethod 63 0x000000012b362050 code [0x000000012b3621c0, 0x000000012b362350]
Event: 9.598 Thread 0x000000010227d800   65       3       java.lang.reflect.Modifier::isAbstract (14 bytes)
Event: 9.598 Thread 0x000000010227d800 nmethod 65 0x000000012b362750 code [0x000000012b3628c0, 0x000000012b362a50]
Event: 9.598 Thread 0x000000010227d800   66       3       java.lang.reflect.Method::getParameterTypes (11 bytes)
Event: 9.598 Thread 0x000000010227d800 nmethod 66 0x000000012b362ad0 code [0x000000012b362c40, 0x000000012b362f48]

GC Heap History (0 events):
No events

Deoptimization events (0 events):
No events

Internal exceptions (5 events):
Event: 5.568 Thread 0x0000000100cd7000 Exception <a 'java/lang/NoSuchMethodError': Method sun.misc.Unsafe.defineClass(Ljava/lang/String;[BII)Ljava/lang/Class; name or signature does not match> (0x00000007aab12c10) thrown at [/Users/java_re/workspace/8-2-build-macosx-x86_64/jdk8u45/3457/hotspot
Event: 5.568 Thread 0x0000000100cd7000 Exception <a 'java/lang/NoSuchMethodError': Method sun.misc.Unsafe.prefetchRead(Ljava/lang/Object;J)V name or signature does not match> (0x00000007aab12ea0) thrown at [/Users/java_re/workspace/8-2-build-macosx-x86_64/jdk8u45/3457/hotspot/src/share/vm/prim
Event: 8.931 Thread 0x0000000100cd7000 Exception <a 'java/util/zip/ZipException'> (0x00000007aabc0e08) thrown at [/Users/java_re/workspace/8-2-build-macosx-x86_64/jdk8u45/3457/hotspot/src/share/vm/prims/jni.cpp, line 709]
Event: 8.931 Thread 0x0000000100cd7000 Exception <a 'java/security/PrivilegedActionException'> (0x00000007aabc1050) thrown at [/Users/java_re/workspace/8-2-build-macosx-x86_64/jdk8u45/3457/hotspot/src/share/vm/prims/jvm.cpp, line 1382]
Event: 8.931 Thread 0x0000000100cd7000 Exception <a 'java/security/PrivilegedActionException'> (0x00000007aabc1208) thrown at [/Users/java_re/workspace/8-2-build-macosx-x86_64/jdk8u45/3457/hotspot/src/share/vm/prims/jvm.cpp, line 1382]

Events (10 events):
Event: 9.791 loading class java/util/function/UnaryOperator
Event: 9.792 loading class java/util/function/UnaryOperator done
Event: 9.792 loading class java/util/ListIterator
Event: 9.792 loading class java/util/ListIterator done
Event: 9.792 loading class java/util/function/BiConsumer
Event: 9.793 loading class java/util/function/BiConsumer done
Event: 9.794 loading class smile/ValueOfInfo
Event: 9.794 loading class smile/ValueOfInfo done
Event: 12.434 Executing VM operation: EnableBiasedLocking
Event: 12.434 Executing VM operation: EnableBiasedLocking done


Dynamic libraries:
0x0000000100003000 	/Users/Argen/anaconda/lib/libpython2.7.dylib
0x0000000003dd9000 	/usr/lib/libSystem.B.dylib
0x0000000003dd9000 	/System/Library/Frameworks/CoreFoundation.framework/Versions/A/CoreFoundation
0x0000000003dd9000 	/usr/lib/system/libcache.dylib
0x0000000003dd9000 	/usr/lib/system/libcommonCrypto.dylib
0x0000000003dd9000 	/usr/lib/system/libcompiler_rt.dylib
0x0000000003dd9000 	/usr/lib/system/libcopyfile.dylib
0x0000000003dd9000 	/usr/lib/system/libcorecrypto.dylib
0x0000000003dd9000 	/usr/lib/system/libdispatch.dylib
0x0000000003dd9000 	/usr/lib/system/libdyld.dylib
0x0000000003dd9000 	/usr/lib/system/libkeymgr.dylib
0x0000000003dd9000 	/usr/lib/system/liblaunch.dylib
0x0000000003dd9000 	/usr/lib/system/libmacho.dylib
0x0000000003dd9000 	/usr/lib/system/libquarantine.dylib
0x0000000003dd9000 	/usr/lib/system/libremovefile.dylib
0x0000000003dd9000 	/usr/lib/system/libsystem_asl.dylib
0x0000000003dd9000 	/usr/lib/system/libsystem_blocks.dylib
0x0000000003dd9000 	/usr/lib/system/libsystem_c.dylib
0x0000000003dd9000 	/usr/lib/system/libsystem_configuration.dylib
0x0000000003dd9000 	/usr/lib/system/libsystem_coreservices.dylib
0x0000000003dd9000 	/usr/lib/system/libsystem_coretls.dylib
0x0000000003dd9000 	/usr/lib/system/libsystem_dnssd.dylib
0x0000000003dd9000 	/usr/lib/system/libsystem_info.dylib
0x0000000003dd9000 	/usr/lib/system/libsystem_kernel.dylib
0x0000000003dd9000 	/usr/lib/system/libsystem_m.dylib
0x0000000003dd9000 	/usr/lib/system/libsystem_malloc.dylib
0x0000000003dd9000 	/usr/lib/system/libsystem_network.dylib
0x0000000003dd9000 	/usr/lib/system/libsystem_networkextension.dylib
0x0000000003dd9000 	/usr/lib/system/libsystem_notify.dylib
0x0000000003dd9000 	/usr/lib/system/libsystem_platform.dylib
0x0000000003dd9000 	/usr/lib/system/libsystem_pthread.dylib
0x0000000003dd9000 	/usr/lib/system/libsystem_sandbox.dylib
0x0000000003dd9000 	/usr/lib/system/libsystem_secinit.dylib
0x0000000003dd9000 	/usr/lib/system/libsystem_stats.dylib
0x0000000003dd9000 	/usr/lib/system/libsystem_trace.dylib
0x0000000003dd9000 	/usr/lib/system/libunc.dylib
0x0000000003dd9000 	/usr/lib/system/libunwind.dylib
0x0000000003dd9000 	/usr/lib/system/libxpc.dylib
0x0000000003dd9000 	/usr/lib/libobjc.A.dylib
0x0000000003dd9000 	/usr/lib/libauto.dylib
0x0000000003dd9000 	/usr/lib/libc++abi.dylib
0x0000000003dd9000 	/usr/lib/libc++.1.dylib
0x0000000003dd9000 	/usr/lib/libDiagnosticMessagesClient.dylib
0x0000000003dd9000 	/usr/lib/libicucore.A.dylib
0x0000000003dd9000 	/usr/lib/libz.1.dylib
0x00000001002ed000 	/Users/Argen/anaconda/lib/python2.7/lib-dynload/_locale.so
0x0000000102880000 	/Users/Argen/anaconda/lib/python2.7/site-packages/PyQt4/QtGui.so
0x000000010319f000 	/Users/Argen/anaconda/lib/libQtGui.4.8.6.dylib
0x0000000103d8c000 	/Users/Argen/anaconda/lib/libQtCore.4.8.6.dylib
0x0000000003dd9000 	/usr/lib/libstdc++.6.dylib
0x0000000003dd9000 	/System/Library/Frameworks/Carbon.framework/Versions/A/Carbon
0x00000001040c2000 	/Users/Argen/anaconda/lib//libz.1.dylib
0x0000000003dd9000 	/System/Library/Frameworks/AppKit.framework/Versions/C/AppKit
0x00000001040de000 	/Users/Argen/anaconda/lib//libpng16.16.dylib
0x0000000003dd9000 	/System/Library/Frameworks/CoreServices.framework/Versions/A/CoreServices
0x0000000003dd9000 	/System/Library/Frameworks/ApplicationServices.framework/Versions/A/ApplicationServices
0x0000000003dd9000 	/System/Library/Frameworks/Foundation.framework/Versions/C/Foundation
0x0000000003dd9000 	/System/Library/Frameworks/Security.framework/Versions/A/Security
0x0000000003dd9000 	/System/Library/Frameworks/CoreGraphics.framework/Versions/A/CoreGraphics
0x0000000003dd9000 	/System/Library/Frameworks/CoreText.framework/Versions/A/CoreText
0x0000000003dd9000 	/System/Library/Frameworks/ImageIO.framework/Versions/A/ImageIO
0x0000000003dd9000 	/System/Library/Frameworks/ApplicationServices.framework/Versions/A/Frameworks/ATS.framework/Versions/A/ATS
0x0000000003dd9000 	/System/Library/Frameworks/ApplicationServices.framework/Versions/A/Frameworks/ColorSync.framework/Versions/A/ColorSync
0x0000000003dd9000 	/System/Library/Frameworks/ApplicationServices.framework/Versions/A/Frameworks/HIServices.framework/Versions/A/HIServices
0x0000000003dd9000 	/System/Library/Frameworks/ApplicationServices.framework/Versions/A/Frameworks/LangAnalysis.framework/Versions/A/LangAnalysis
0x0000000003dd9000 	/System/Library/Frameworks/ApplicationServices.framework/Versions/A/Frameworks/PrintCore.framework/Versions/A/PrintCore
0x0000000003dd9000 	/System/Library/Frameworks/ApplicationServices.framework/Versions/A/Frameworks/QD.framework/Versions/A/QD
0x0000000003dd9000 	/System/Library/Frameworks/ApplicationServices.framework/Versions/A/Frameworks/SpeechSynthesis.framework/Versions/A/SpeechSynthesis
0x0000000003dd9000 	/usr/lib/libbsm.0.dylib
0x0000000003dd9000 	/System/Library/Frameworks/IOKit.framework/Versions/A/IOKit
0x0000000003dd9000 	/System/Library/Frameworks/IOSurface.framework/Versions/A/IOSurface
0x0000000003dd9000 	/System/Library/Frameworks/Accelerate.framework/Versions/A/Accelerate
0x0000000003dd9000 	/System/Library/Frameworks/SystemConfiguration.framework/Versions/A/SystemConfiguration
0x0000000003dd9000 	/System/Library/PrivateFrameworks/MultitouchSupport.framework/Versions/A/MultitouchSupport
0x0000000003dd9000 	/usr/lib/system/libkxld.dylib
0x0000000003dd9000 	/System/Library/Frameworks/CFNetwork.framework/Versions/A/CFNetwork
0x0000000003dd9000 	/System/Library/Frameworks/CoreServices.framework/Versions/A/Frameworks/FSEvents.framework/Versions/A/FSEvents
0x0000000003dd9000 	/System/Library/Frameworks/CoreServices.framework/Versions/A/Frameworks/CarbonCore.framework/Versions/A/CarbonCore
0x0000000003dd9000 	/System/Library/Frameworks/CoreServices.framework/Versions/A/Frameworks/Metadata.framework/Versions/A/Metadata
0x0000000003dd9000 	/System/Library/Frameworks/CoreServices.framework/Versions/A/Frameworks/OSServices.framework/Versions/A/OSServices
0x0000000003dd9000 	/System/Library/Frameworks/CoreServices.framework/Versions/A/Frameworks/SearchKit.framework/Versions/A/SearchKit
0x0000000003dd9000 	/System/Library/Frameworks/CoreServices.framework/Versions/A/Frameworks/AE.framework/Versions/A/AE
0x0000000003dd9000 	/System/Library/Frameworks/CoreServices.framework/Versions/A/Frameworks/LaunchServices.framework/Versions/A/LaunchServices
0x0000000003dd9000 	/System/Library/Frameworks/CoreServices.framework/Versions/A/Frameworks/DictionaryServices.framework/Versions/A/DictionaryServices
0x0000000003dd9000 	/usr/lib/libsqlite3.dylib
0x0000000003dd9000 	/usr/lib/libxml2.2.dylib
0x0000000003dd9000 	/usr/lib/libxar.1.dylib
0x0000000003dd9000 	/usr/lib/libpam.2.dylib
0x0000000003dd9000 	/usr/lib/libOpenScriptingUtil.dylib
0x0000000003dd9000 	/usr/lib/libbz2.1.0.dylib
0x0000000003dd9000 	/System/Library/Frameworks/DiskArbitration.framework/Versions/A/DiskArbitration
0x0000000003dd9000 	/System/Library/Frameworks/NetFS.framework/Versions/A/NetFS
0x0000000003dd9000 	/System/Library/PrivateFrameworks/NetAuth.framework/Versions/A/NetAuth
0x0000000003dd9000 	/System/Library/PrivateFrameworks/login.framework/Versions/A/Frameworks/loginsupport.framework/Versions/A/loginsupport
0x0000000003dd9000 	/System/Library/PrivateFrameworks/DataDetectorsCore.framework/Versions/A/DataDetectorsCore
0x0000000003dd9000 	/System/Library/PrivateFrameworks/TCC.framework/Versions/A/TCC
0x0000000003dd9000 	/usr/lib/libmecabra.dylib
0x0000000003dd9000 	/usr/lib/libextension.dylib
0x0000000003dd9000 	/usr/lib/libarchive.2.dylib
0x0000000003dd9000 	/usr/lib/liblangid.dylib
0x0000000003dd9000 	/usr/lib/libCRFSuite.dylib
0x0000000003dd9000 	/usr/lib/liblzma.5.dylib
0x0000000003dd9000 	/System/Library/PrivateFrameworks/LanguageModeling.framework/Versions/A/LanguageModeling
0x0000000003dd9000 	/usr/lib/libcmph.dylib
0x0000000003dd9000 	/usr/lib/libiconv.2.dylib
0x0000000003dd9000 	/System/Library/Frameworks/CoreData.framework/Versions/A/CoreData
0x0000000003dd9000 	/System/Library/Frameworks/OpenDirectory.framework/Versions/A/Frameworks/CFOpenDirectory.framework/Versions/A/CFOpenDirectory
0x0000000003dd9000 	/System/Library/Frameworks/ServiceManagement.framework/Versions/A/ServiceManagement
0x0000000003dd9000 	/usr/lib/libxslt.1.dylib
0x0000000003dd9000 	/System/Library/Frameworks/Accelerate.framework/Versions/A/Frameworks/vImage.framework/Versions/A/vImage
0x0000000003dd9000 	/System/Library/Frameworks/Accelerate.framework/Versions/A/Frameworks/vecLib.framework/Versions/A/vecLib
0x0000000003dd9000 	/System/Library/Frameworks/Accelerate.framework/Versions/A/Frameworks/vecLib.framework/Versions/A/libvDSP.dylib
0x0000000003dd9000 	/System/Library/Frameworks/Accelerate.framework/Versions/A/Frameworks/vecLib.framework/Versions/A/libvMisc.dylib
0x0000000003dd9000 	/System/Library/Frameworks/Accelerate.framework/Versions/A/Frameworks/vecLib.framework/Versions/A/libLAPACK.dylib
0x0000000003dd9000 	/System/Library/Frameworks/Accelerate.framework/Versions/A/Frameworks/vecLib.framework/Versions/A/libBLAS.dylib
0x0000000003dd9000 	/System/Library/Frameworks/Accelerate.framework/Versions/A/Frameworks/vecLib.framework/Versions/A/libLinearAlgebra.dylib
0x0000000003dd9000 	/System/Library/Frameworks/ApplicationServices.framework/Versions/A/Frameworks/ATS.framework/Versions/A/Resources/libFontParser.dylib
0x0000000003dd9000 	/System/Library/Frameworks/ApplicationServices.framework/Versions/A/Frameworks/ATS.framework/Versions/A/Resources/libFontRegistry.dylib
0x0000000003dd9000 	/System/Library/PrivateFrameworks/AppleVPA.framework/Versions/A/AppleVPA
0x0000000003dd9000 	/System/Library/PrivateFrameworks/AppleJPEG.framework/Versions/A/AppleJPEG
0x0000000003dd9000 	/System/Library/Frameworks/ImageIO.framework/Versions/A/Resources/libJPEG.dylib
0x0000000003dd9000 	/System/Library/Frameworks/ImageIO.framework/Versions/A/Resources/libTIFF.dylib
0x0000000003dd9000 	/System/Library/Frameworks/ImageIO.framework/Versions/A/Resources/libPng.dylib
0x0000000003dd9000 	/System/Library/Frameworks/ImageIO.framework/Versions/A/Resources/libGIF.dylib
0x0000000003dd9000 	/System/Library/Frameworks/ImageIO.framework/Versions/A/Resources/libJP2.dylib
0x0000000003dd9000 	/System/Library/Frameworks/ImageIO.framework/Versions/A/Resources/libRadiance.dylib
0x0000000003dd9000 	/System/Library/Frameworks/OpenGL.framework/Versions/A/OpenGL
0x0000000003dd9000 	/System/Library/Frameworks/CoreVideo.framework/Versions/A/CoreVideo
0x0000000003dd9000 	/System/Library/Frameworks/OpenGL.framework/Versions/A/Libraries/libGLU.dylib
0x0000000003dd9000 	/System/Library/Frameworks/OpenGL.framework/Versions/A/Libraries/libGFXShared.dylib
0x0000000003dd9000 	/System/Library/Frameworks/OpenGL.framework/Versions/A/Libraries/libGL.dylib
0x0000000003dd9000 	/System/Library/Frameworks/OpenGL.framework/Versions/A/Libraries/libGLImage.dylib
0x0000000003dd9000 	/System/Library/Frameworks/OpenGL.framework/Versions/A/Libraries/libCVMSPluginSupport.dylib
0x0000000003dd9000 	/System/Library/Frameworks/OpenGL.framework/Versions/A/Libraries/libCoreVMClient.dylib
0x0000000003dd9000 	/usr/lib/libcups.2.dylib
0x0000000003dd9000 	/System/Library/Frameworks/Kerberos.framework/Versions/A/Kerberos
0x0000000003dd9000 	/System/Library/Frameworks/GSS.framework/Versions/A/GSS
0x0000000003dd9000 	/usr/lib/libresolv.9.dylib
0x0000000003dd9000 	/System/Library/PrivateFrameworks/Heimdal.framework/Versions/A/Heimdal
0x0000000003dd9000 	/usr/lib/libheimdal-asn1.dylib
0x0000000003dd9000 	/System/Library/Frameworks/OpenDirectory.framework/Versions/A/OpenDirectory
0x0000000003dd9000 	/System/Library/PrivateFrameworks/CommonAuth.framework/Versions/A/CommonAuth
0x0000000003dd9000 	/System/Library/Frameworks/SecurityFoundation.framework/Versions/A/SecurityFoundation
0x0000000003dd9000 	/System/Library/Frameworks/CoreAudio.framework/Versions/A/CoreAudio
0x0000000003dd9000 	/System/Library/Frameworks/AudioToolbox.framework/Versions/A/AudioToolbox
0x0000000003dd9000 	/System/Library/Frameworks/Carbon.framework/Versions/A/Frameworks/CommonPanels.framework/Versions/A/CommonPanels
0x0000000003dd9000 	/System/Library/Frameworks/Carbon.framework/Versions/A/Frameworks/Help.framework/Versions/A/Help
0x0000000003dd9000 	/System/Library/Frameworks/Carbon.framework/Versions/A/Frameworks/HIToolbox.framework/Versions/A/HIToolbox
0x0000000003dd9000 	/System/Library/Frameworks/Carbon.framework/Versions/A/Frameworks/ImageCapture.framework/Versions/A/ImageCapture
0x0000000003dd9000 	/System/Library/Frameworks/Carbon.framework/Versions/A/Frameworks/Ink.framework/Versions/A/Ink
0x0000000003dd9000 	/System/Library/Frameworks/Carbon.framework/Versions/A/Frameworks/OpenScripting.framework/Versions/A/OpenScripting
0x0000000003dd9000 	/System/Library/Frameworks/Carbon.framework/Versions/A/Frameworks/Print.framework/Versions/A/Print
0x0000000003dd9000 	/System/Library/Frameworks/Carbon.framework/Versions/A/Frameworks/SecurityHI.framework/Versions/A/SecurityHI
0x0000000003dd9000 	/System/Library/Frameworks/Carbon.framework/Versions/A/Frameworks/SpeechRecognition.framework/Versions/A/SpeechRecognition
0x0000000003dd9000 	/System/Library/PrivateFrameworks/CoreUI.framework/Versions/A/CoreUI
0x0000000003dd9000 	/System/Library/Frameworks/QuartzCore.framework/Versions/A/QuartzCore
0x0000000003dd9000 	/System/Library/PrivateFrameworks/DesktopServicesPriv.framework/Versions/A/DesktopServicesPriv
0x0000000003dd9000 	/System/Library/PrivateFrameworks/GenerationalStorage.framework/Versions/A/GenerationalStorage
0x0000000003dd9000 	/System/Library/Frameworks/QuartzCore.framework/Versions/A/Frameworks/CoreImage.framework/Versions/A/CoreImage
0x0000000003dd9000 	/System/Library/PrivateFrameworks/CrashReporterSupport.framework/Versions/A/CrashReporterSupport
0x0000000003dd9000 	/System/Library/Frameworks/OpenCL.framework/Versions/A/OpenCL
0x0000000003dd9000 	/System/Library/PrivateFrameworks/FaceCore.framework/Versions/A/FaceCore
0x0000000003dd9000 	/System/Library/PrivateFrameworks/Ubiquity.framework/Versions/A/Ubiquity
0x0000000003dd9000 	/System/Library/PrivateFrameworks/Sharing.framework/Versions/A/Sharing
0x0000000003dd9000 	/System/Library/PrivateFrameworks/IconServices.framework/Versions/A/IconServices
0x0000000003dd9000 	/System/Library/PrivateFrameworks/ChunkingLibrary.framework/Versions/A/ChunkingLibrary
0x0000000003dd9000 	/System/Library/PrivateFrameworks/Apple80211.framework/Versions/A/Apple80211
0x0000000003dd9000 	/System/Library/Frameworks/CoreWLAN.framework/Versions/A/CoreWLAN
0x0000000003dd9000 	/System/Library/Frameworks/IOBluetooth.framework/Versions/A/IOBluetooth
0x0000000003dd9000 	/System/Library/PrivateFrameworks/CoreWiFi.framework/Versions/A/CoreWiFi
0x0000000003dd9000 	/System/Library/Frameworks/AudioUnit.framework/Versions/A/AudioUnit
0x0000000003dd9000 	/System/Library/Frameworks/CoreBluetooth.framework/Versions/A/CoreBluetooth
0x0000000003dd9000 	/System/Library/PrivateFrameworks/SpeechRecognitionCore.framework/Versions/A/SpeechRecognitionCore
0x0000000003dd9000 	/System/Library/PrivateFrameworks/RemoteViewServices.framework/Versions/A/RemoteViewServices
0x0000000003dd9000 	/System/Library/PrivateFrameworks/UIFoundation.framework/Versions/A/UIFoundation
0x0000000003dd9000 	/System/Library/PrivateFrameworks/PerformanceAnalysis.framework/Versions/A/PerformanceAnalysis
0x0000000003dd9000 	/System/Library/PrivateFrameworks/Backup.framework/Versions/A/Backup
0x0000000003dd9000 	/System/Library/PrivateFrameworks/DebugSymbols.framework/Versions/A/DebugSymbols
0x0000000003dd9000 	/System/Library/PrivateFrameworks/CoreSymbolication.framework/Versions/A/CoreSymbolication
0x0000000003dd9000 	/System/Library/PrivateFrameworks/Symbolication.framework/Versions/A/Symbolication
0x000000010414f000 	/Users/Argen/anaconda/lib/python2.7/site-packages/sip.so
0x000000010416e000 	/Users/Argen/anaconda/lib/python2.7/site-packages/PyQt4/QtCore.so
0x000000010494e000 	/Users/Argen/anaconda/lib/python2.7/site-packages/_jpype.so
0x00000001007f0000 	/Users/Argen/anaconda/lib/python2.7/lib-dynload/math.so
0x0000000104a4c000 	/Users/Argen/anaconda/lib/python2.7/site-packages/numpy/core/multiarray.so
0x0000000104c26000 	/Users/Argen/anaconda/lib/python2.7/lib-dynload/datetime.so
0x0000000104c40000 	/Users/Argen/anaconda/lib/python2.7/site-packages/numpy/core/umath.so
0x00000001002f6000 	/Users/Argen/anaconda/lib/python2.7/lib-dynload/_collections.so
0x0000000104dc2000 	/Users/Argen/anaconda/lib/python2.7/lib-dynload/operator.so
0x0000000104e0d000 	/Users/Argen/anaconda/lib/python2.7/lib-dynload/itertools.so
0x00000001044fa000 	/Users/Argen/anaconda/lib/python2.7/lib-dynload/_heapq.so
0x0000000104e1f000 	/Users/Argen/anaconda/lib/python2.7/lib-dynload/cPickle.so
0x0000000104e37000 	/Users/Argen/anaconda/lib/python2.7/lib-dynload/cStringIO.so
0x0000000104e3d000 	/Users/Argen/anaconda/lib/python2.7/site-packages/numpy/core/_dotblas.so
0x00000001007fc000 	/Users/Argen/anaconda/lib/python2.7/lib-dynload/_functools.so
0x0000000104e85000 	/Users/Argen/anaconda/lib/python2.7/site-packages/numpy/core/scalarmath.so
0x0000000104ef8000 	/Users/Argen/anaconda/lib/python2.7/lib-dynload/time.so
0x0000000104f3f000 	/Users/Argen/anaconda/lib/python2.7/lib-dynload/grp.so
0x0000000104f42000 	/Users/Argen/anaconda/lib/python2.7/lib-dynload/_io.so
0x0000000104f6e000 	/Users/Argen/anaconda/lib/python2.7/lib-dynload/binascii.so
0x0000000104f74000 	/Users/Argen/anaconda/lib/python2.7/lib-dynload/_hashlib.so
0x0000000104f7a000 	/Users/Argen/anaconda/lib/libssl.1.0.0.dylib
0x0000000104fed000 	/Users/Argen/anaconda/lib/libcrypto.1.0.0.dylib
0x00000001051c0000 	/Users/Argen/anaconda/lib/python2.7/lib-dynload/_random.so
0x00000001051c4000 	/Users/Argen/anaconda/lib/python2.7/lib-dynload/fcntl.so
0x0000000105208000 	/Users/Argen/anaconda/lib/python2.7/site-packages/numpy/lib/_compiled_base.so
0x0000000105250000 	/Users/Argen/anaconda/lib/python2.7/site-packages/numpy/linalg/lapack_lite.so
0x0000000105254000 	/Users/Argen/anaconda/lib/python2.7/site-packages/numpy/linalg/_umath_linalg.so
0x000000010526f000 	/Users/Argen/anaconda/lib/python2.7/lib-dynload/future_builtins.so
0x00000001052b2000 	/Users/Argen/anaconda/lib/python2.7/site-packages/numpy/fft/fftpack_lite.so
0x00000001052fe000 	/Users/Argen/anaconda/lib/python2.7/site-packages/numpy/random/mtrand.so
0x00000001053a2000 	/Users/Argen/anaconda/lib/python2.7/lib-dynload/_ctypes.so
0x00000001053c9000 	/Users/Argen/anaconda/lib/python2.7/lib-dynload/_struct.so
0x00000001054cb000 	/Users/Argen/anaconda/lib/python2.7/lib-dynload/select.so
0x00000001054d4000 	/Users/Argen/anaconda/lib/python2.7/lib-dynload/strop.so
0x00000001054dc000 	/Users/Argen/anaconda/lib/python2.7/lib-dynload/_bisect.so
0x00000001054df000 	/Users/Argen/anaconda/lib/python2.7/lib-dynload/_elementtree.so
0x0000000105780000 	/Users/Argen/anaconda/lib/python2.7/lib-dynload/pyexpat.so
0x0000000105946000 	/Users/Argen/anaconda/lib/python2.7/site-packages/scipy/linalg/_fblas.so
0x00000001054ed000 	/Users/Argen/anaconda/lib/python2.7/site-packages/scipy/linalg/_flinalg.so
0x00000001059a8000 	/Users/Argen/anaconda/lib/python2.7/site-packages/scipy/linalg/_flapack.so
0x0000000105a91000 	/Users/Argen/anaconda/lib/python2.7/site-packages/scipy/sparse/_sparsetools.so
0x0000000105e06000 	/Users/Argen/anaconda/lib/python2.7/site-packages/scipy/sparse/_csparsetools.so
0x0000000105e9b000 	/Users/Argen/anaconda/lib/python2.7/site-packages/scipy/sparse/csgraph/_shortest_path.so
0x0000000105ed4000 	/Users/Argen/anaconda/lib/python2.7/site-packages/scipy/sparse/csgraph/_tools.so
0x0000000105ef7000 	/Users/Argen/anaconda/lib/python2.7/site-packages/scipy/sparse/csgraph/_traversal.so
0x0000000105f19000 	/Users/Argen/anaconda/lib/python2.7/site-packages/scipy/sparse/csgraph/_min_spanning_tree.so
0x0000000105f6b000 	/Users/Argen/anaconda/lib/python2.7/site-packages/scipy/sparse/csgraph/_reordering.so
0x0000000105fce000 	/Users/Argen/anaconda/lib/python2.7/site-packages/scipy/sparse/linalg/isolve/_iterative.so
0x0000000106013000 	/Users/Argen/anaconda/lib/python2.7/site-packages/scipy/sparse/linalg/dsolve/_superlu.so
0x0000000106072000 	/Users/Argen/anaconda/lib/python2.7/site-packages/scipy/sparse/linalg/eigen/arpack/_arpack.so
0x0000000106175000 	/Users/Argen/anaconda/lib/python2.7/site-packages/scipy/special/_ufuncs.so
0x0000000106321000 	/Users/Argen/anaconda/lib/python2.7/site-packages/scipy/special/_ufuncs_cxx.so
0x000000010633b000 	/Users/Argen/anaconda/lib/python2.7/site-packages/scipy/special/specfun.so
0x0000000106420000 	/Users/Argen/anaconda/lib/python2.7/site-packages/scipy/special/_ellip_harm_2.so
0x0000000106473000 	/Users/Argen/anaconda/lib/python2.7/site-packages/scipy/integrate/_odepack.so
0x00000001064ba000 	/Users/Argen/anaconda/lib/python2.7/site-packages/scipy/integrate/_quadpack.so
0x00000001064f9000 	/Users/Argen/anaconda/lib/python2.7/site-packages/scipy/integrate/vode.so
0x0000000106548000 	/Users/Argen/anaconda/lib/python2.7/site-packages/scipy/integrate/_dop.so
0x0000000106580000 	/Users/Argen/anaconda/lib/python2.7/site-packages/scipy/integrate/lsoda.so
0x0000000106700000 	/Users/Argen/anaconda/lib/python2.7/site-packages/PIL/_imaging.so
0x000000010675e000 	/Users/Argen/anaconda/lib/libjpeg.8.dylib
0x00000001067b3000 	/Users/Argen/anaconda/lib/libtiff.5.dylib
0x0000000003dd9000 	/System/Library/PrivateFrameworks/CoreServicesInternal.framework/Versions/A/CoreServicesInternal
0x0000000108bab000 	/System/Library/Frameworks/Security.framework/PlugIns/csparser.bundle/Contents/MacOS/csparser
0x0000000108bd9000 	/System/Library/Frameworks/ApplicationServices.framework/Versions/A/Frameworks/ColorSync.framework/Versions/A/Resources/ColorSyncDeprecated.dylib
0x0000000108ccc000 	/System/Library/Frameworks/CoreGraphics.framework/Versions/A/Resources/libCGCMS.A.dylib
0x0000000108cdb000 	/System/Library/Frameworks/CoreGraphics.framework/Versions/A/Resources/libRIP.A.dylib
0x0000000003dd9000 	/System/Library/PrivateFrameworks/CloudDocs.framework/Versions/A/CloudDocs
0x0000000003dd9000 	/System/Library/PrivateFrameworks/CoreDuet.framework/Versions/A/CoreDuet
0x0000000003dd9000 	/System/Library/Frameworks/CloudKit.framework/Versions/A/CloudKit
0x0000000003dd9000 	/System/Library/PrivateFrameworks/ProtocolBuffer.framework/Versions/A/ProtocolBuffer
0x0000000003dd9000 	/System/Library/PrivateFrameworks/CoreDuetDaemonProtocol.framework/Versions/A/CoreDuetDaemonProtocol
0x0000000003dd9000 	/System/Library/PrivateFrameworks/CoreDuetDebugLogging.framework/Versions/A/CoreDuetDebugLogging
0x0000000003dd9000 	/System/Library/PrivateFrameworks/MMCS.framework/Versions/A/MMCS
0x0000000003dd9000 	/System/Library/Frameworks/CoreLocation.framework/Versions/A/CoreLocation
0x0000000003dd9000 	/System/Library/PrivateFrameworks/ProtectedCloudStorage.framework/Versions/A/ProtectedCloudStorage
0x0000000003dd9000 	/System/Library/PrivateFrameworks/GeoServices.framework/Versions/A/GeoServices
0x000000010a076000 	/System/Library/Frameworks/CoreGraphics.framework/Versions/A/Resources/libCGXType.A.dylib
0x000000010a0af000 	/System/Library/CoreServices/Encodings/libTraditionalChineseConverter.dylib
0x00000000513a9000 	/System/Library/CoreServices/Encodings/libKoreanConverter.dylib
0x000000010ba8d000 	/System/Library/CoreServices/Encodings/libSimplifiedChineseConverter.dylib
0x00000000514cd000 	/System/Library/CoreServices/Encodings/libJapaneseConverter.dylib
0x00000001162be000 	/Library/Java/JavaVirtualMachines/jdk1.8.0_45.jdk/Contents/Home/jre/lib/server/libjvm.dylib
0x00000001072e4000 	/Library/Java/JavaVirtualMachines/jdk1.8.0_45.jdk/Contents/Home/jre/lib/libverify.dylib
0x000000010a0c5000 	/Library/Java/JavaVirtualMachines/jdk1.8.0_45.jdk/Contents/Home/jre/lib/libjava.dylib
0x00000001072fb000 	/Library/Java/JavaVirtualMachines/jdk1.8.0_45.jdk/Contents/Home/jre/lib/libzip.dylib
0x000000010b8a0000 	/System/Library/Frameworks/JavaVM.framework/Frameworks/JavaRuntimeSupport.framework/JavaRuntimeSupport
0x000000010b8b8000 	/System/Library/Frameworks/JavaVM.framework/Versions/A/Frameworks/JavaNativeFoundation.framework/Versions/A/JavaNativeFoundation
0x0000000107376000 	/System/Library/Frameworks/JavaVM.framework/Versions/A/JavaVM
0x0000000003dd9000 	/System/Library/Frameworks/Cocoa.framework/Versions/A/Cocoa
0x000000010b8cd000 	/System/Library/PrivateFrameworks/JavaLaunching.framework/Versions/A/JavaLaunching
0x000000013afdc000 	/Library/Java/Extensions/libjsmile.jnilib
0x000000010a094000 	/Users/Argen/anaconda/plugins/imageformats/libqgif.dylib
0x000000010ba5e000 	/Users/Argen/anaconda/plugins/imageformats/libqico.dylib
0x000000010ba69000 	/Users/Argen/anaconda/plugins/imageformats/libqjpeg.dylib
0x000000010be67000 	/usr/local/lib/libjpeg.8.dylib
0x000000010b9db000 	/Users/Argen/anaconda/plugins/imageformats/libqmng.dylib
0x000000010ba3f000 	/Users/Argen/anaconda/plugins/imageformats/libqsvg.dylib
0x000000010f559000 	/Users/Argen/anaconda/lib/libQtSvg.4.8.6.dylib
0x000000011042f000 	/Users/Argen/anaconda/lib/libQtXml.4.8.6.dylib
0x000000010ba49000 	/Users/Argen/anaconda/plugins/imageformats/libqtga.dylib
0x000000011f58b000 	/Users/Argen/anaconda/plugins/imageformats/libqtiff.dylib

VM Arguments:
java_command: <unknown>
java_class_path (initial): /Library/Java/Extensions/smile.jar
Launcher Type: generic

Environment Variables:
CLASSPATH=”.:/Users/Argen/Documents/MAS/MAS 3/MAAS/JADE/jade/lib/jade.jar:{JADE_LIB}/commons-codec/commons-codec-1.3.jar:{JADE_LIB}/jadeExamples.jar:/Users/Argen/Documents/MAS/MAS 3/MAAS/JADE/jade/classes”
PATH=/Users/Argen/anaconda/bin:/usr/local/bin:/usr/bin:/bin:/usr/sbin:/sbin:/opt/X11/bin:/usr/local/MacGPG2/bin:/Library/TeX/texbin:/Users/Argen/Documents/MAS/R&D/Code/smile/jsmile_src/java
LD_LIBRARY_PATH=/Users/Argen/Documents/MAS/R&D/Code/smile/jsmile_src/java:
SHELL=/bin/bash
DISPLAY=/private/tmp/com.apple.launchd.oe3H3PU1Mr/org.macosforge.xquartz:0

Signal Handlers:
SIGSEGV: [libjvm.dylib+0x58ef95], sa_mask[0]=11111111011111110111111111111111, sa_flags=SA_ONSTACK|SA_RESTART|SA_SIGINFO
SIGBUS: [libjvm.dylib+0x58ef95], sa_mask[0]=11111111011111110111111111111111, sa_flags=SA_RESTART|SA_SIGINFO
SIGFPE: [libjvm.dylib+0x46c108], sa_mask[0]=11111111011111110111111111111111, sa_flags=SA_RESTART|SA_SIGINFO
SIGPIPE: [libjvm.dylib+0x46c108], sa_mask[0]=11111111011111110111111111111111, sa_flags=SA_RESTART|SA_SIGINFO
SIGXFSZ: [libjvm.dylib+0x46c108], sa_mask[0]=11111111011111110111111111111111, sa_flags=SA_RESTART|SA_SIGINFO
SIGILL: [libjvm.dylib+0x46c108], sa_mask[0]=11111111011111110111111111111111, sa_flags=SA_RESTART|SA_SIGINFO
SIGUSR1: SIG_DFL, sa_mask[0]=00000000000000000000000000000000, sa_flags=none
SIGUSR2: [libjvm.dylib+0x46bc26], sa_mask[0]=00100000000000000000000000000000, sa_flags=SA_RESTART|SA_SIGINFO
SIGHUP: [libjvm.dylib+0x46a1f9], sa_mask[0]=11111111011111110111111111111111, sa_flags=SA_RESTART|SA_SIGINFO
SIGINT: SIG_DFL, sa_mask[0]=00000000000000000000000000000000, sa_flags=none
SIGTERM: [libjvm.dylib+0x46a1f9], sa_mask[0]=11111111011111110111111111111111, sa_flags=SA_RESTART|SA_SIGINFO
SIGQUIT: [libjvm.dylib+0x46a1f9], sa_mask[0]=11111111011111110111111111111111, sa_flags=SA_RESTART|SA_SIGINFO


---------------  S Y S T E M  ---------------

OS:Bsduname:Darwin 14.5.0 Darwin Kernel Version 14.5.0: Wed Jul 29 02:26:53 PDT 2015; root:xnu-2782.40.9~1/RELEASE_X86_64 x86_64
rlimit: STACK 8192k, CORE 0k, NPROC 709, NOFILE 10240, AS infinity
load average:2.10 1.78 1.63

CPU:total 4 (2 cores per cpu, 2 threads per core) family 6 model 42 stepping 7, cmov, cx8, fxsr, mmx, sse, sse2, sse3, ssse3, sse4.1, sse4.2, popcnt, avx, aes, clmul, ht, tsc, tscinvbit

Memory: 4k page, physical 4194304k(56492k free)

/proc/meminfo:


vm_info: Java HotSpot(TM) 64-Bit Server VM (25.45-b02) for bsd-amd64 JRE (1.8.0_45-b14), built on Apr 10 2015 10:46:38 by "java_re" with gcc 4.2.1 (Based on Apple Inc. build 5658) (LLVM build 2336.11.00)

time: Mon Aug 31 13:01:48 2015
elapsed time: 16 seconds (0d 0h 0m 16s)

